[WARN ] 2023-12-01 06:38:35.956 [main] BaseSteps -driver created..
[INFO ] 2023-12-01 06:38:36.000 [main] LoginSteps -Browser launched..
[FATAL] 2023-12-01 06:38:36.760 [main] LoginSteps -URL opened..
[WARN ] 2023-12-01 06:38:40.230 [main] BaseSteps -driver quit...
[WARN ] 2023-12-01 06:38:41.490 [main] BaseSteps -driver created..
[INFO ] 2023-12-01 06:38:41.491 [main] LoginSteps -Browser launched..
[FATAL] 2023-12-01 06:38:42.256 [main] LoginSteps -URL opened..
[WARN ] 2023-12-01 06:42:19.301 [main] BaseSteps -driver created..
[INFO ] 2023-12-01 06:42:19.348 [main] LoginSteps -Browser launched..
[FATAL] 2023-12-01 06:42:20.981 [main] LoginSteps -URL opened..
[WARN ] 2023-12-01 06:42:25.692 [main] BaseSteps -driver quit...
[WARN ] 2023-12-01 06:42:26.834 [main] BaseSteps -driver created..
[INFO ] 2023-12-01 06:42:26.837 [main] LoginSteps -Browser launched..
[FATAL] 2023-12-01 06:42:28.238 [main] LoginSteps -URL opened..
[WARN ] 2023-12-01 06:44:41.318 [main] BaseSteps -driver created..
[INFO ] 2023-12-01 06:44:41.386 [main] LoginSteps -Browser launched..
[FATAL] 2023-12-01 06:44:42.239 [main] LoginSteps -URL opened..
[WARN ] 2023-12-01 06:44:45.412 [main] BaseSteps -driver quit...
[WARN ] 2023-12-01 06:44:46.555 [main] BaseSteps -driver created..
[INFO ] 2023-12-01 06:44:46.558 [main] LoginSteps -Browser launched..
[FATAL] 2023-12-01 06:44:47.556 [main] LoginSteps -URL opened..
[WARN ] 2023-12-01 06:46:42.903 [main] BaseSteps -driver created..
[INFO ] 2023-12-01 06:46:42.960 [main] LoginSteps -Browser launched..
[FATAL] 2023-12-01 06:46:43.824 [main] LoginSteps -URL opened..
[WARN ] 2023-12-01 06:46:50.037 [main] BaseSteps -driver quit...
[WARN ] 2023-12-01 06:46:51.321 [main] BaseSteps -driver created..
[INFO ] 2023-12-01 06:46:51.323 [main] LoginSteps -Browser launched..
[FATAL] 2023-12-01 06:46:52.460 [main] LoginSteps -URL opened..
[WARN ] 2023-12-01 06:48:08.862 [main] BaseSteps -driver created..
[INFO ] 2023-12-01 06:48:08.933 [main] LoginSteps -Browser launched..
[FATAL] 2023-12-01 06:48:09.720 [main] LoginSteps -URL opened..
[WARN ] 2023-12-01 06:48:18.138 [main] BaseSteps -driver quit...
[WARN ] 2023-12-01 06:48:19.355 [main] BaseSteps -driver created..
[INFO ] 2023-12-01 06:48:19.358 [main] LoginSteps -Browser launched..
[FATAL] 2023-12-01 06:48:20.223 [main] LoginSteps -URL opened..
[WARN ] 2023-12-01 08:44:25.722 [main] BaseSteps -driver created..
[INFO ] 2023-12-01 08:44:25.762 [main] LoginSteps -Browser launched..
[FATAL] 2023-12-01 08:44:26.846 [main] LoginSteps -URL opened..
[WARN ] 2023-12-01 08:44:30.528 [main] BaseSteps -driver quit...
[WARN ] 2023-12-01 08:44:31.706 [main] BaseSteps -driver created..
[INFO ] 2023-12-01 08:44:31.709 [main] LoginSteps -Browser launched..
[FATAL] 2023-12-01 08:44:33.439 [main] LoginSteps -URL opened..
[WARN ] 2023-12-02 14:11:49.320 [main] BaseSteps -driver created..
[INFO ] 2023-12-02 14:11:49.418 [main] LoginSteps -Browser launched.
[WARN ] 2023-12-02 14:11:50.960 [main] LoginSteps -URL opened.
[INFO ] 2023-12-02 14:11:51.287 [main] LoginSteps -User enters email and password.
[INFO ] 2023-12-02 14:11:53.207 [main] LoginSteps -User clicks login button.
[WARN ] 2023-12-02 14:11:53.363 [main] LoginSteps -User can view dashboard. actual title matches expected title. Test passed.
[INFO ] 2023-12-02 14:11:54.318 [main] LoginSteps -User clicked logout.
[WARN ] 2023-12-02 14:11:54.318 [main] BaseSteps -User clicked logout. BaseSteps
[WARN ] 2023-12-02 14:11:54.603 [main] BaseSteps -Closing all browser. Driver quit.
[WARN ] 2023-12-02 14:11:55.885 [main] BaseSteps -driver created..
[INFO ] 2023-12-02 14:11:55.887 [main] LoginSteps -Browser launched.
[WARN ] 2023-12-02 14:11:56.634 [main] LoginSteps -URL opened.
[INFO ] 2023-12-02 14:11:56.994 [main] LoginSteps -User enters email and password.
[INFO ] 2023-12-02 14:11:57.517 [main] LoginSteps -User clicks login button.
[WARN ] 2023-12-02 14:11:57.910 [main] LoginSteps -Test failed. Screenshots attaced.
[WARN ] 2023-12-02 14:11:57.910 [main] BaseSteps -Test failed. Screenshots attaced. BaseSteps
